<?xml version="1.0" encoding="UTF-8"?>
<!-- Generated by org.testng.reporters.JUnitReportReporter -->
<testsuite skipped="0" hostname="DESKTOP-FAJDTI3" name="seleniumeasysite.Windows" tests="1" failures="0" timestamp="2020-04-23T23:08:42 PDT" time="26.869" errors="0">
  <testcase name="simple" time="26.869" classname="seleniumeasysite.Windows"/>
</testsuite> <!-- seleniumeasysite.Windows -->
