<?xml version="1.0" encoding="UTF-8"?>
<!-- Generated by org.testng.reporters.JUnitReportReporter -->
<testsuite skipped="0" hostname="DESKTOP-FAJDTI3" name="seleniumeasysite.Orangehrm" tests="1" failures="0" timestamp="2020-04-29T13:20:41 IST" time="29.783" errors="0">
  <testcase name="logincorrect" time="29.783" classname="seleniumeasysite.Orangehrm"/>
</testsuite> <!-- seleniumeasysite.Orangehrm -->
