<?xml version="1.0" encoding="UTF-8"?>
<!-- Generated by org.testng.reporters.JUnitReportReporter -->
<testsuite skipped="0" hostname="DESKTOP-FAJDTI3" name="com.OrangeHRMAssignment.Test.OrangeLoginTest" tests="5" failures="0" timestamp="2020-06-06T18:26:01 IST" time="39.031" errors="0">
  <testcase name="login_page" time="6.947" classname="com.OrangeHRMAssignment.Test.OrangeLoginTest"/>
  <testcase name="Homepage_generalinformation" time="4.804" classname="com.OrangeHRMAssignment.Test.OrangeLoginTest"/>
  <testcase name="GeneralInformation" time="12.319" classname="com.OrangeHRMAssignment.Test.OrangeLoginTest"/>
  <testcase name="Homepage_location" time="2.710" classname="com.OrangeHRMAssignment.Test.OrangeLoginTest"/>
  <testcase name="Location" time="12.251" classname="com.OrangeHRMAssignment.Test.OrangeLoginTest"/>
</testsuite> <!-- com.OrangeHRMAssignment.Test.OrangeLoginTest -->
