<?xml version="1.0" encoding="UTF-8"?>
<!-- Generated by org.testng.reporters.JUnitReportReporter -->
<testsuite skipped="0" hostname="DESKTOP-FAJDTI3" name="seleniumeasysite.SingleInputField" tests="1" failures="0" timestamp="2020-04-23T09:05:33 PDT" time="31.546" errors="0">
  <testcase name="simple" time="31.546" classname="seleniumeasysite.SingleInputField"/>
</testsuite> <!-- seleniumeasysite.SingleInputField -->
